[    0.000000] Linux version 4.15.0-144-generic (buildd@lgw01-amd64-031) (gcc version 7.5.0 (Ubuntu 7.5.0-3ubuntu1~18.04)) #148-Ubuntu SMP Sat May 8 02:33:43 UTC 2021 (Ubuntu 4.15.0-144.148-generic 4.15.18)
[    0.000000] Command line: BOOT_IMAGE=/boot/vmlinuz-4.15.0-144-generic root=LABEL=cloudimg-rootfs ro console=tty1 console=ttyS0
[    0.000000] KERNEL supported cpus:
[    0.000000]   Intel GenuineIntel
[    0.000000]   AMD AuthenticAMD
[    0.000000]   Centaur CentaurHauls
[    0.000000] x86/fpu: x87 FPU will use FXSAVE
[    0.000000] e820: BIOS-provided physical RAM map:
[    0.000000] BIOS-e820: [mem 0x0000000000000000-0x000000000009fbff] usable
[    0.000000] BIOS-e820: [mem 0x000000000009fc00-0x000000000009ffff] reserved
[    0.000000] BIOS-e820: [mem 0x00000000000f0000-0x00000000000fffff] reserved
[    0.000000] BIOS-e820: [mem 0x0000000000100000-0x000000007ffeffff] usable
[    0.000000] BIOS-e820: [mem 0x000000007fff0000-0x000000007fffffff] ACPI data
[    0.000000] BIOS-e820: [mem 0x00000000fec00000-0x00000000fec00fff] reserved
[    0.000000] BIOS-e820: [mem 0x00000000fee00000-0x00000000fee00fff] reserved
[    0.000000] BIOS-e820: [mem 0x00000000fffc0000-0x00000000ffffffff] reserved
[    0.000000] NX (Execute Disable) protection: active
[    0.000000] SMBIOS 2.5 present.
[    0.000000] DMI: innotek GmbH VirtualBox/VirtualBox, BIOS VirtualBox 12/01/2006
[    0.000000] Hypervisor detected: KVM
[    0.000000] e820: last_pfn = 0x7fff0 max_arch_pfn = 0x400000000
[    0.000000] MTRR: Disabled
[    0.000000] x86/PAT: MTRRs disabled, skipping PAT initialization too.
[    0.000000] CPU MTRRs all blank - virtualized system.
[    0.000000] x86/PAT: Configuration [0-7]: WB  WT  UC- UC  WB  WT  UC- UC  
[    0.000000] found SMP MP-table at [mem 0x0009fff0-0x0009ffff]
[    0.000000] Scanning 1 areas for low memory corruption
[    0.000000] RAMDISK: [mem 0x359d1000-0x36cdffff]
[    0.000000] ACPI: Early table checksum verification disabled
[    0.000000] ACPI: RSDP 0x00000000000E0000 000024 (v02 VBOX  )
[    0.000000] ACPI: XSDT 0x000000007FFF0030 00003C (v01 VBOX   VBOXXSDT 00000001 ASL  00000061)
[    0.000000] ACPI: FACP 0x000000007FFF00F0 0000F4 (v04 VBOX   VBOXFACP 00000001 ASL  00000061)
[    0.000000] ACPI: DSDT 0x000000007FFF0470 002325 (v02 VBOX   VBOXBIOS 00000002 INTL 20100528)
[    0.000000] ACPI: FACS 0x000000007FFF0200 000040
[    0.000000] ACPI: FACS 0x000000007FFF0200 000040
[    0.000000] ACPI: APIC 0x000000007FFF0240 00005C (v02 VBOX   VBOXAPIC 00000001 ASL  00000061)
[    0.000000] ACPI: SSDT 0x000000007FFF02A0 0001CC (v01 VBOX   VBOXCPUT 00000002 INTL 20100528)
[    0.000000] No NUMA configuration found
[    0.000000] Faking a node at [mem 0x0000000000000000-0x000000007ffeffff]
[    0.000000] NODE_DATA(0) allocated [mem 0x7ffc5000-0x7ffeffff]
[    0.000000] kvm-clock: cpu 0, msr 0:7ff44001, primary cpu clock
[    0.000000] kvm-clock: Using msrs 4b564d01 and 4b564d00
[    0.000000] kvm-clock: using sched offset of 4658440240 cycles
[    0.000000] clocksource: kvm-clock: mask: 0xffffffffffffffff max_cycles: 0x1cd42e4dffb, max_idle_ns: 881590591483 ns
[    0.000000] Zone ranges:
[    0.000000]   DMA      [mem 0x0000000000001000-0x0000000000ffffff]
[    0.000000]   DMA32    [mem 0x0000000001000000-0x000000007ffeffff]
[    0.000000]   Normal   empty
[    0.000000]   Device   empty
[    0.000000] Movable zone start for each node
[    0.000000] Early memory node ranges
[    0.000000]   node   0: [mem 0x0000000000001000-0x000000000009efff]
[    0.000000]   node   0: [mem 0x0000000000100000-0x000000007ffeffff]
[    0.000000] Reserved but unavailable: 98 pages
[    0.000000] Initmem setup node 0 [mem 0x0000000000001000-0x000000007ffeffff]
[    0.000000] ACPI: PM-Timer IO Port: 0x4008
[    0.000000] IOAPIC[0]: apic_id 2, version 32, address 0xfec00000, GSI 0-23
[    0.000000] ACPI: INT_SRC_OVR (bus 0 bus_irq 0 global_irq 2 dfl dfl)
[    0.000000] ACPI: INT_SRC_OVR (bus 0 bus_irq 9 global_irq 9 low level)
[    0.000000] Using ACPI (MADT) for SMP configuration information
[    0.000000] smpboot: Allowing 2 CPUs, 0 hotplug CPUs
[    0.000000] PM: Registered nosave memory: [mem 0x00000000-0x00000fff]
[    0.000000] PM: Registered nosave memory: [mem 0x0009f000-0x0009ffff]
[    0.000000] PM: Registered nosave memory: [mem 0x000a0000-0x000effff]
[    0.000000] PM: Registered nosave memory: [mem 0x000f0000-0x000fffff]
[    0.000000] e820: [mem 0x80000000-0xfebfffff] available for PCI devices
[    0.000000] Booting paravirtualized kernel on KVM
[    0.000000] clocksource: refined-jiffies: mask: 0xffffffff max_cycles: 0xffffffff, max_idle_ns: 7645519600211568 ns
[    0.000000] random: get_random_bytes called from start_kernel+0x99/0x500 with crng_init=0
[    0.000000] setup_percpu: NR_CPUS:8192 nr_cpumask_bits:2 nr_cpu_ids:2 nr_node_ids:1
[    0.000000] percpu: Embedded 45 pages/cpu s147456 r8192 d28672 u1048576
[    0.000000] PV qspinlock hash table entries: 256 (order: 0, 4096 bytes)
[    0.000000] Built 1 zonelists, mobility grouping on.  Total pages: 515961
[    0.000000] Policy zone: DMA32
[    0.000000] Kernel command line: BOOT_IMAGE=/boot/vmlinuz-4.15.0-144-generic root=LABEL=cloudimg-rootfs ro console=tty1 console=ttyS0
[    0.000000] Memory: 2014912K/2096696K available (12300K kernel code, 2483K rwdata, 4316K rodata, 2448K init, 2724K bss, 81784K reserved, 0K cma-reserved)
[    0.000000] SLUB: HWalign=64, Order=0-3, MinObjects=0, CPUs=2, Nodes=1
[    0.000000] Kernel/User page tables isolation: enabled
[    0.000000] ftrace: allocating 39453 entries in 155 pages
[    0.004000] Hierarchical RCU implementation.
[    0.004000] 	RCU restricting CPUs from NR_CPUS=8192 to nr_cpu_ids=2.
[    0.004000] 	Tasks RCU enabled.
[    0.004000] RCU: Adjusting geometry for rcu_fanout_leaf=16, nr_cpu_ids=2
[    0.004000] NR_IRQS: 524544, nr_irqs: 440, preallocated irqs: 16
[    0.004000] Console: colour VGA+ 80x25
[    0.004000] console [tty1] enabled
[    0.004000] console [ttyS0] enabled
[    0.004000] ACPI: Core revision 20170831
[    0.004000] ACPI: 2 ACPI AML tables successfully acquired and loaded
[    0.004000] APIC: Switch to symmetric I/O mode setup
[    0.004000] ..TIMER: vector=0x30 apic1=0 pin1=2 apic2=-1 pin2=-1
[    0.004000] tsc: Detected 2592.008 MHz processor
[    0.004000] Calibrating delay loop (skipped) preset value.. 5184.01 BogoMIPS (lpj=10368032)
[    0.004000] pid_max: default: 32768 minimum: 301
[    0.004000] Security Framework initialized
[    0.004000] Yama: becoming mindful.
[    0.004000] AppArmor: AppArmor initialized
[    0.017749] Dentry cache hash table entries: 262144 (order: 9, 2097152 bytes)
[    0.029421] Inode-cache hash table entries: 131072 (order: 8, 1048576 bytes)
[    0.032138] Mount-cache hash table entries: 4096 (order: 3, 32768 bytes)
[    0.040033] Mountpoint-cache hash table entries: 4096 (order: 3, 32768 bytes)
[    0.048086] Last level iTLB entries: 4KB 64, 2MB 8, 4MB 8
[    0.052003] Last level dTLB entries: 4KB 64, 2MB 0, 4MB 0, 1GB 4
[    0.060005] Spectre V1 : Mitigation: usercopy/swapgs barriers and __user pointer sanitization
[    0.064021] Spectre V2 : Mitigation: Full generic retpoline
[    0.068003] Spectre V2 : Spectre v2 / SpectreRSB mitigation: Filling RSB on context switch
[    0.072005] Speculative Store Bypass: Vulnerable
[    0.076038] MDS: Mitigation: Clear CPU buffers
[    0.080234] Freeing SMP alternatives memory: 36K
[    0.198017] smpboot: CPU0: Intel(R) Core(TM) i7-9750H CPU @ 2.60GHz (family: 0x6, model: 0x9e, stepping: 0xa)
[    0.200429] Performance Events: unsupported p6 CPU model 158 no PMU driver, software events only.
[    0.204112] Hierarchical SRCU implementation.
[    0.208753] NMI watchdog: Perf event create on CPU 0 failed with -2
[    0.212002] NMI watchdog: Perf NMI watchdog permanently disabled
[    0.216341] smp: Bringing up secondary CPUs ...
[    0.220904] x86: Booting SMP configuration:
[    0.224002] .... node  #0, CPUs:      #1
[    0.004000] kvm-clock: cpu 1, msr 0:7ff44041, secondary cpu clock
[    0.234846] TSC synchronization [CPU#0 -> CPU#1]:
[    0.236000] Measured 56273 cycles TSC warp between CPUs, turning off TSC clock.
[    0.236000] tsc: Marking TSC unstable due to check_tsc_sync_source failed
[    0.236268] smp: Brought up 1 node, 2 CPUs
[    0.240005] smpboot: Max logical packages: 1
[    0.244006] smpboot: Total of 2 processors activated (10368.03 BogoMIPS)
[    0.252004] devtmpfs: initialized
[    0.255247] x86/mm: Memory block size: 128MB
[    0.260285] evm: security.selinux
[    0.263490] evm: security.SMACK64
[    0.264002] evm: security.SMACK64EXEC
[    0.268002] evm: security.SMACK64TRANSMUTE
[    0.272002] evm: security.SMACK64MMAP
[    0.274622] evm: security.apparmor
[    0.276003] evm: security.ima
[    0.280002] evm: security.capability
[    0.284101] clocksource: jiffies: mask: 0xffffffff max_cycles: 0xffffffff, max_idle_ns: 7645041785100000 ns
[    0.288012] futex hash table entries: 512 (order: 3, 32768 bytes)
[    0.292150] pinctrl core: initialized pinctrl subsystem
[    0.296123] RTC time: 19:20:58, date: 06/09/21
[    0.300622] NET: Registered protocol family 16
[    0.303630] audit: initializing netlink subsys (disabled)
[    0.308101] audit: type=2000 audit(1623266464.103:1): state=initialized audit_enabled=0 res=1
[    0.316007] cpuidle: using governor ladder
[    0.320010] cpuidle: using governor menu
[    0.324040] ACPI: bus type PCI registered
[    0.328003] acpiphp: ACPI Hot Plug PCI Controller Driver version: 0.5
[    0.332392] PCI: Using configuration type 1 for base access
[    0.344343] HugeTLB registered 2.00 MiB page size, pre-allocated 0 pages
[    0.353774] ACPI: Added _OSI(Module Device)
[    0.356004] ACPI: Added _OSI(Processor Device)
[    0.360003] ACPI: Added _OSI(3.0 _SCP Extensions)
[    0.364003] ACPI: Added _OSI(Processor Aggregator Device)
[    0.368003] ACPI: Added _OSI(Linux-Dell-Video)
[    0.372003] ACPI: Added _OSI(Linux-Lenovo-NV-HDMI-Audio)
[    0.376003] ACPI: Added _OSI(Linux-HPI-Hybrid-Graphics)
[    0.380449] ACPI: Executed 1 blocks of module-level executable AML code
[    0.389126] ACPI: Interpreter enabled
[    0.391598] ACPI: (supports S0 S5)
[    0.392003] ACPI: Using IOAPIC for interrupt routing
[    0.396318] PCI: Using host bridge windows from ACPI; if necessary, use "pci=nocrs" and report a bug
[    0.400193] ACPI: Enabled 2 GPEs in block 00 to 07
[    0.413220] ACPI: PCI Root Bridge [PCI0] (domain 0000 [bus 00-ff])
[    0.416009] acpi PNP0A03:00: _OSC: OS supports [ASPM ClockPM Segments MSI]
[    0.420636] acpi PNP0A03:00: _OSC: not requesting OS control; OS requires [ExtendedConfig ASPM ClockPM MSI]
[    0.428023] acpi PNP0A03:00: fail to add MMCONFIG information, can't access extended PCI configuration space under this bridge.
[    0.432523] PCI host bridge to bus 0000:00
[    0.436004] pci_bus 0000:00: root bus resource [io  0x0000-0x0cf7 window]
[    0.440005] pci_bus 0000:00: root bus resource [io  0x0d00-0xffff window]
[    0.444004] pci_bus 0000:00: root bus resource [mem 0x000a0000-0x000bffff window]
[    0.448004] pci_bus 0000:00: root bus resource [mem 0x80000000-0xfdffffff window]
[    0.452007] pci_bus 0000:00: root bus resource [bus 00-ff]
[    0.462328] pci 0000:00:01.1: legacy IDE quirk: reg 0x10: [io  0x01f0-0x01f7]
[    0.464003] pci 0000:00:01.1: legacy IDE quirk: reg 0x14: [io  0x03f6]
[    0.468003] pci 0000:00:01.1: legacy IDE quirk: reg 0x18: [io  0x0170-0x0177]
[    0.472004] pci 0000:00:01.1: legacy IDE quirk: reg 0x1c: [io  0x0376]
[    0.511454] pci 0000:00:07.0: quirk: [io  0x4000-0x403f] claimed by PIIX4 ACPI
[    0.512030] pci 0000:00:07.0: quirk: [io  0x4100-0x410f] claimed by PIIX4 SMB
[    0.522134] ACPI: PCI Interrupt Link [LNKA] (IRQs 5 9 10 *11)
[    0.524426] ACPI: PCI Interrupt Link [LNKB] (IRQs 5 9 *10 11)
[    0.528151] ACPI: PCI Interrupt Link [LNKC] (IRQs 5 *9 10 11)
[    0.536049] ACPI: PCI Interrupt Link [LNKD] (IRQs 5 9 10 *11)
[    0.540502] SCSI subsystem initialized
[    0.544178] pci 0000:00:02.0: vgaarb: setting as boot VGA device
[    0.547844] pci 0000:00:02.0: vgaarb: VGA device added: decodes=io+mem,owns=io+mem,locks=none
[    0.548006] pci 0000:00:02.0: vgaarb: bridge control possible
[    0.552003] vgaarb: loaded
[    0.553998] ACPI: bus type USB registered
[    0.556018] usbcore: registered new interface driver usbfs
[    0.560029] usbcore: registered new interface driver hub
[    0.564013] usbcore: registered new device driver usb
[    0.568211] EDAC MC: Ver: 3.0.0
[    0.572739] PCI: Using ACPI for IRQ routing
[    0.576485] NetLabel: Initializing
[    0.580002] NetLabel:  domain hash size = 128
[    0.582783] NetLabel:  protocols = UNLABELED CIPSOv4 CALIPSO
[    0.584021] NetLabel:  unlabeled traffic allowed by default
[    0.588221] clocksource: Switched to clocksource kvm-clock
[    0.597015] VFS: Disk quotas dquot_6.6.0
[    0.597015] VFS: Dquot-cache hash table entries: 512 (order 0, 4096 bytes)
[    0.597015] AppArmor: AppArmor Filesystem Enabled
[    0.597015] pnp: PnP ACPI init
[    0.597015] pnp: PnP ACPI: found 3 devices
[    0.707356] clocksource: acpi_pm: mask: 0xffffff max_cycles: 0xffffff, max_idle_ns: 2085701024 ns
[    0.708243] NET: Registered protocol family 2
[    0.717971] TCP established hash table entries: 16384 (order: 5, 131072 bytes)
[    0.725438] TCP bind hash table entries: 16384 (order: 6, 262144 bytes)
[    0.730937] TCP: Hash tables configured (established 16384 bind 16384)
[    0.733990] UDP hash table entries: 1024 (order: 3, 32768 bytes)
[    0.733990] UDP-Lite hash table entries: 1024 (order: 3, 32768 bytes)
[    0.733990] NET: Registered protocol family 1
[    0.733990] pci 0000:00:00.0: Limiting direct PCI/PCI transfers
[    0.733990] pci 0000:00:01.0: Activating ISA DMA hang workarounds
[    0.733990] pci 0000:00:02.0: Video device with shadowed ROM at [mem 0x000c0000-0x000dffff]
[    0.733990] Unpacking initramfs...
[    1.270545] Freeing initrd memory: 19516K
[    1.274348] clocksource: tsc: mask: 0xffffffffffffffff max_cycles: 0x255cbea3061, max_idle_ns: 440795313801 ns
[    1.281830] platform rtc_cmos: registered platform RTC device (no PNP device found)
[    1.287513] Scanning for low memory corruption every 60 seconds
[    1.293998] Initialise system trusted keyrings
[    1.297993] Key type blacklist registered
[    1.301407] workingset: timestamp_bits=36 max_order=19 bucket_order=0
[    1.308579] zbud: loaded
[    1.312311] squashfs: version 4.0 (2009/01/31) Phillip Lougher
[    1.317338] fuse init (API version 7.26)
[    1.341898] Key type asymmetric registered
[    1.345839] Asymmetric key parser 'x509' registered
[    1.349301] Block layer SCSI generic (bsg) driver version 0.4 loaded (major 246)
[    1.354674] io scheduler noop registered
[    1.358140] io scheduler deadline registered
[    1.361254] io scheduler cfq registered (default)
[    1.365537] ACPI: AC Adapter [AC] (on-line)
[    1.369019] input: Power Button as /devices/LNXSYSTM:00/LNXPWRBN:00/input/input0
[    1.374897] ACPI: Power Button [PWRF]
[    1.377822] input: Sleep Button as /devices/LNXSYSTM:00/LNXSLPBN:00/input/input1
[    1.382856] ACPI: Sleep Button [SLPF]
[    1.386559] Serial: 8250/16550 driver, 32 ports, IRQ sharing enabled
[    1.387595] ACPI: Battery Slot [BAT0] (battery present)
[    1.420572] 00:02: ttyS0 at I/O 0x3f8 (irq = 4, base_baud = 115200) is a 16550A
[    1.428050] Linux agpgart interface v0.103
[    1.440938] loop: module loaded
[    1.446529] scsi host0: ata_piix
[    1.450578] scsi host1: ata_piix
[    1.453706] ata1: PATA max UDMA/33 cmd 0x1f0 ctl 0x3f6 bmdma 0xd000 irq 14
[    1.458273] ata2: PATA max UDMA/33 cmd 0x170 ctl 0x376 bmdma 0xd008 irq 15
[    1.464341] libphy: Fixed MDIO Bus: probed
[    1.468605] tun: Universal TUN/TAP device driver, 1.6
[    1.472819] PPP generic driver version 2.4.2
[    1.476628] ehci_hcd: USB 2.0 'Enhanced' Host Controller (EHCI) Driver
[    1.481214] ehci-pci: EHCI PCI platform driver
[    1.484704] ehci-platform: EHCI generic platform driver
[    1.488925] ohci_hcd: USB 1.1 'Open' Host Controller (OHCI) Driver
[    1.493209] ohci-pci: OHCI PCI platform driver
[    1.496566] ohci-platform: OHCI generic platform driver
[    1.499934] uhci_hcd: USB Universal Host Controller Interface driver
[    1.506160] i8042: PNP: PS/2 Controller [PNP0303:PS2K,PNP0f03:PS2M] at 0x60,0x64 irq 1,12
[    1.514423] serio: i8042 KBD port at 0x60,0x64 irq 1
[    1.518056] serio: i8042 AUX port at 0x60,0x64 irq 12
[    1.521863] mousedev: PS/2 mouse device common for all mice
[    1.527101] input: AT Translated Set 2 keyboard as /devices/platform/i8042/serio0/input/input2
[    1.536380] rtc_cmos rtc_cmos: rtc core: registered rtc_cmos as rtc0
[    1.541729] rtc_cmos rtc_cmos: alarms up to one day, 114 bytes nvram
[    1.545269] i2c /dev entries driver
[    1.545269] device-mapper: uevent: version 1.0.3
[    1.551853] device-mapper: ioctl: 4.37.0-ioctl (2017-09-20) initialised: dm-devel@redhat.com
[    1.558772] ledtrig-cpu: registered to indicate activity on CPUs
[    1.565834] NET: Registered protocol family 10
[    1.577029] Segment Routing with IPv6
[    1.579937] NET: Registered protocol family 17
[    1.584055] Key type dns_resolver registered
[    1.587667] mce: Using 0 MCE banks
[    1.590406] RAS: Correctable Errors collector initialized.
[    1.594744] sched_clock: Marking stable (1594698940, 0)->(2419747021, -825048081)
[    1.604875] registered taskstats version 1
[    1.607734] Loading compiled-in X.509 certificates
[    1.616255] Loaded X.509 cert 'Build time autogenerated kernel key: 1e5516648b223d94d04ce7d99e6048c9b3ebcb77'
[    1.625334] Loaded X.509 cert 'Canonical Ltd. Live Patch Signing: 14df34d1a87cf37625abec039ef2bf521249b969'
[    1.633583] Loaded X.509 cert 'Canonical Ltd. Kernel Module Signing: 88f752e560a1e0737e31163a466ad7b70a850c19'
[    1.641902] zswap: loaded using pool lzo/zbud
[    1.692322] Key type big_key registered
[    1.694996] Key type trusted registered
[    1.701608] Key type encrypted registered
[    1.705137] AppArmor: AppArmor sha1 policy hashing enabled
[    1.708863] ima: No TPM chip found, activating TPM-bypass! (rc=-19)
[    1.713040] ima: Allocated hash algorithm: sha1
[    1.716333] evm: HMAC attrs: 0x1
[    1.719717]   Magic number: 9:961:343
[    1.723391]   hash matches /build/linux-fYK9kF/linux-4.15.0/drivers/base/power/main.c:787
[    1.731069] tty tty60: hash matches
[    1.734549] rtc_cmos rtc_cmos: setting system clock to 2021-06-09 19:21:00 UTC (1623266460)
[    1.741399] BIOS EDD facility v0.16 2004-Jun-25, 0 devices found
[    1.746324] EDD information not available.
[    1.752942] Freeing unused kernel image memory: 2448K
[    1.772417] Write protecting the kernel read-only data: 20480k
[    1.778472] Freeing unused kernel image memory: 2008K
[    1.782609] Freeing unused kernel image memory: 1828K
[    1.793778] x86/mm: Checked W+X mappings: passed, no W+X pages found.
[    1.800073] x86/mm: Checking user space page tables
[    1.810146] x86/mm: Checked W+X mappings: passed, no W+X pages found.
Loading, please wait...
starting version 237
[    1.891810] e1000: Intel(R) PRO/1000 Network Driver - version 7.3.21-k8-NAPI
[    1.898153] e1000: Copyright (c) 1999-2006 Intel Corporation.
[    1.916635] Fusion MPT base driver 3.04.20
[    1.920412] Copyright (c) 1999-2008 LSI Corporation
[    1.930553] Fusion MPT SPI Host driver 3.04.20
[    2.139892] input: ImExPS/2 Generic Explorer Mouse as /devices/platform/i8042/serio1/input/input4
[    2.554923] e1000 0000:00:03.0 eth0: (PCI:33MHz:32-bit) 02:08:1c:2f:d1:e8
[    2.560695] e1000 0000:00:03.0 eth0: Intel(R) PRO/1000 Network Connection
[    2.568303] e1000 0000:00:03.0 enp0s3: renamed from eth0
[    2.573365] mptbase: ioc0: Initiating bringup
[    2.678891] ioc0: LSI53C1030 A0: Capabilities={Initiator}
[    2.940571] scsi host2: ioc0: LSI53C1030 A0, FwRev=00000000h, Ports=1, MaxQ=256, IRQ=20
[    3.113886] scsi 2:0:0:0: Direct-Access     VBOX     HARDDISK         1.0  PQ: 0 ANSI: 5
[    3.818433] scsi target2:0:0: Beginning Domain Validation
[    3.828979] scsi target2:0:0: Domain Validation skipping write tests
[    3.833319] scsi target2:0:0: Ending Domain Validation
[    3.836799] scsi target2:0:0: asynchronous
[    3.842163] scsi 2:0:1:0: Direct-Access     VBOX     HARDDISK         1.0  PQ: 0 ANSI: 5
[    4.344553] scsi target2:0:1: Beginning Domain Validation
[    4.349563] random: fast init done
[    4.358513] scsi target2:0:1: Domain Validation skipping write tests
[    4.363574] scsi target2:0:1: Ending Domain Validation
[    4.368954] scsi target2:0:1: asynchronous
[    4.384572] random: systemd-udevd: uninitialized urandom read (16 bytes read)
[    4.386242] sd 2:0:0:0: [sda] 83886080 512-byte logical blocks: (42.9 GB/40.0 GiB)
[    4.393635] random: systemd-udevd: uninitialized urandom read (16 bytes read)
[    4.401479] sd 2:0:0:0: Attached scsi generic sg0 type 0
[    4.408510] random: systemd-udevd: uninitialized urandom read (16 bytes read)
[    4.413253] sd 2:0:0:0: [sda] Write Protect is off
[    4.424987] sd 2:0:1:0: Attached scsi generic sg1 type 0
[    4.426943] sd 2:0:1:0: [sdb] 202752 512-byte logical blocks: (104 MB/99.0 MiB)
[    4.437624] sd 2:0:0:0: [sda] Incomplete mode parameter data
[    4.437628] sd 2:0:1:0: [sdb] Write Protect is off
[    4.442902] sd 2:0:0:0: [sda] Assuming drive cache: write through
[    4.453414] sd 2:0:1:0: [sdb] Incomplete mode parameter data
[    4.458778] sd 2:0:1:0: [sdb] Assuming drive cache: write through
[    4.468253]  sda: sda1
[    4.474049] sd 2:0:1:0: [sdb] Attached SCSI disk
[    4.480645] sd 2:0:0:0: [sda] Attached SCSI disk
Begin: Loading essential drivers ... 